Release 14.7 - xst P.20131013 (nt64)
Copyright (c) 1995-2013 Xilinx, Inc.  All rights reserved.
--> Parameter TMPDIR set to xst/projnav.tmp


Total REAL time to Xst completion: 0.00 secs
Total CPU time to Xst completion: 0.09 secs
 
--> Parameter xsthdpdir set to xst


Total REAL time to Xst completion: 0.00 secs
Total CPU time to Xst completion: 0.09 secs
 
--> Reading design: divider.prj

TABLE OF CONTENTS
  1) Synthesis Options Summary
  2) HDL Compilation
  3) Design Hierarchy Analysis
  4) HDL Analysis
  5) HDL Synthesis
     5.1) HDL Synthesis Report
  6) Advanced HDL Synthesis
     6.1) Advanced HDL Synthesis Report
  7) Low Level Synthesis
  8) Partition Report
  9) Final Report
	9.1) Device utilization summary
	9.2) Partition Resource Summary
	9.3) TIMING REPORT


=========================================================================
*                      Synthesis Options Summary                        *
=========================================================================
---- Source Parameters
Input File Name                    : "divider.prj"
Input Format                       : mixed
Ignore Synthesis Constraint File   : NO

---- Target Parameters
Output File Name                   : "divider"
Output Format                      : NGC
Target Device                      : xc3s500e-4-fg320

---- Source Options
Top Module Name                    : divider
Automatic FSM Extraction           : YES
FSM Encoding Algorithm             : Auto
Safe Implementation                : No
FSM Style                          : LUT
RAM Extraction                     : Yes
RAM Style                          : Auto
ROM Extraction                     : Yes
Mux Style                          : Auto
Decoder Extraction                 : YES
Priority Encoder Extraction        : Yes
Shift Register Extraction          : YES
Logical Shifter Extraction         : YES
XOR Collapsing                     : YES
ROM Style                          : Auto
Mux Extraction                     : Yes
Resource Sharing                   : YES
Asynchronous To Synchronous        : NO
Multiplier Style                   : Auto
Automatic Register Balancing       : No

---- Target Options
Add IO Buffers                     : YES
Global Maximum Fanout              : 500
Add Generic Clock Buffer(BUFG)     : 24
Register Duplication               : YES
Slice Packing                      : YES
Optimize Instantiated Primitives   : NO
Use Clock Enable                   : Yes
Use Synchronous Set                : Yes
Use Synchronous Reset              : Yes
Pack IO Registers into IOBs        : Auto
Equivalent register Removal        : YES

---- General Options
Optimization Goal                  : Speed
Optimization Effort                : 1
Keep Hierarchy                     : No
Netlist Hierarchy                  : As_Optimized
RTL Output                         : Yes
Global Optimization                : AllClockNets
Read Cores                         : YES
Write Timing Constraints           : NO
Cross Clock Analysis               : NO
Hierarchy Separator                : /
Bus Delimiter                      : <>
Case Specifier                     : Maintain
Slice Utilization Ratio            : 100
BRAM Utilization Ratio             : 100
Verilog 2001                       : YES
Auto BRAM Packing                  : NO
Slice Utilization Ratio Delta      : 5

=========================================================================


=========================================================================
*                          HDL Compilation                              *
=========================================================================
Compiling vhdl file "C:/MarianoF/vhdl_projects/ISE/Volnei/Ch9-problems/9.2/divider/divider.vhd" in Library work.
Entity <divider> compiled.
Entity <divider> (Architecture <behavioral>) compiled.

=========================================================================
*                     Design Hierarchy Analysis                         *
=========================================================================
Analyzing hierarchy for entity <divider> in library <work> (architecture <behavioral>) with generics.
	G_N = 3


=========================================================================
*                            HDL Analysis                               *
=========================================================================
Analyzing generic Entity <divider> in library <work> (Architecture <behavioral>).
	G_N = 3
Entity <divider> analyzed. Unit <divider> generated.


=========================================================================
*                           HDL Synthesis                               *
=========================================================================

Performing bidirectional port resolution...

Synthesizing Unit <divider>.
    Related source file is "C:/MarianoF/vhdl_projects/ISE/Volnei/Ch9-problems/9.2/divider/divider.vhd".
    Found 7-bit subtractor for signal <aux_dividend_1$addsub0000> created at line 50.
    Found 7-bit comparator lessequal for signal <aux_dividend_1$cmp_le0000> created at line 50.
    Found 7-bit subtractor for signal <aux_dividend_2$addsub0000> created at line 50.
    Found 7-bit subtractor for signal <aux_dividend_3$addsub0000> created at line 50.
    Found 8-bit comparator greater for signal <result_0$cmp_gt0000> created at line 47.
    Found 7-bit comparator lessequal for signal <result_0$cmp_le0000> created at line 47.
    Found 7-bit comparator lessequal for signal <result_1$cmp_le0000> created at line 51.
    Found 7-bit comparator lessequal for signal <result_2$cmp_le0000> created at line 51.
    Summary:
	inferred   3 Adder/Subtractor(s).
	inferred   5 Comparator(s).
Unit <divider> synthesized.


=========================================================================
HDL Synthesis Report

Macro Statistics
# Adders/Subtractors                                   : 3
 7-bit subtractor                                      : 3
# Comparators                                          : 5
 7-bit comparator lessequal                            : 4
 8-bit comparator greater                              : 1

=========================================================================

=========================================================================
*                       Advanced HDL Synthesis                          *
=========================================================================


=========================================================================
Advanced HDL Synthesis Report

Macro Statistics
# Adders/Subtractors                                   : 3
 7-bit subtractor                                      : 3
# Comparators                                          : 5
 7-bit comparator lessequal                            : 4
 8-bit comparator greater                              : 1

=========================================================================

=========================================================================
*                         Low Level Synthesis                           *
=========================================================================

Optimizing unit <divider> ...

Mapping all equations...
Building and optimizing final netlist ...
Found area constraint ratio of 100 (+ 5) on block divider, actual ratio is 0.

Final Macro Processing ...

=========================================================================
Final Register Report

Found no macro
=========================================================================

=========================================================================
*                           Partition Report                            *
=========================================================================

Partition Implementation Status
-------------------------------

  No Partitions were found in this design.

-------------------------------

=========================================================================
*                            Final Report                               *
=========================================================================
Final Results
RTL Top Level Output File Name     : divider.ngr
Top Level Output File Name         : divider
Output Format                      : NGC
Optimization Goal                  : Speed
Keep Hierarchy                     : No

Design Statistics
# IOs                              : 12

Cell Usage :
# BELS                             : 66
#      GND                         : 1
#      LUT2                        : 1
#      LUT3                        : 14
#      LUT4                        : 21
#      MULT_AND                    : 2
#      MUXCY                       : 14
#      MUXF5                       : 1
#      VCC                         : 1
#      XORCY                       : 11
# IO Buffers                       : 12
#      IBUF                        : 8
#      OBUF                        : 4
=========================================================================

Device utilization summary:
---------------------------

Selected Device : 3s500efg320-4 

 Number of Slices:                       22  out of   4656     0%  
 Number of 4 input LUTs:                 36  out of   9312     0%  
 Number of IOs:                          12
 Number of bonded IOBs:                  12  out of    232     5%  

---------------------------
Partition Resource Summary:
---------------------------

  No Partitions were found in this design.

---------------------------


=========================================================================
TIMING REPORT

NOTE: THESE TIMING NUMBERS ARE ONLY A SYNTHESIS ESTIMATE.
      FOR ACCURATE TIMING INFORMATION PLEASE REFER TO THE TRACE REPORT
      GENERATED AFTER PLACE-and-ROUTE.

Clock Information:
------------------
No clock signals found in this design

Asynchronous Control Signals Information:
----------------------------------------
No asynchronous control signals found in this design

Timing Summary:
---------------
Speed Grade: -4

   Minimum period: No path found
   Minimum input arrival time before clock: No path found
   Maximum output required time after clock: No path found
   Maximum combinational path delay: 21.864ns

Timing Detail:
--------------
All values displayed in nanoseconds (ns)

=========================================================================
Timing constraint: Default path analysis
  Total number of paths / destination ports: 4932 / 4
-------------------------------------------------------------------------
Delay:               21.864ns (Levels of Logic = 15)
  Source:            divider<0> (PAD)
  Destination:       result<0> (PAD)

  Data Path: divider<0> to result<0>
                                Gate     Net
    Cell:in->out      fanout   Delay   Delay  Logical Name (Net Name)
    ----------------------------------------  ------------
     IBUF:I->O            10   1.218   0.961  divider_0_IBUF (divider_0_IBUF)
     LUT4:I1->O            1   0.704   0.000  result<3>111 (result<3>11)
     MUXF5:I0->O           5   0.321   0.808  result<3>11_f5 (result_3_OBUF)
     LUT3:I0->O            3   0.704   0.706  aux_dividend_1_mux0000<3>1 (aux_dividend<1><3>)
     LUT4:I0->O            4   0.704   0.666  result<2>1_SW0 (N11)
     LUT4:I1->O            9   0.704   0.995  result<2>1 (result_2_OBUF)
     LUT3:I0->O            3   0.704   0.706  aux_dividend_2_mux0000<2>1 (aux_dividend<2><2>)
     LUT4:I0->O            1   0.704   0.455  result<1>1 (result<1>1)
     LUT3:I2->O            1   0.704   0.595  result<1>224 (result<1>224)
     LUT4:I0->O           11   0.704   1.108  result<1>236 (result_1_OBUF)
     LUT4:I0->O            2   0.704   0.526  aux_dividend_3_mux0000<4>1 (aux_dividend<3><4>)
     LUT4:I1->O            1   0.704   0.000  Mcompar_result_0_cmp_le0000_lut<4> (Mcompar_result_0_cmp_le0000_lut<4>)
     MUXCY:S->O            1   0.864   0.499  Mcompar_result_0_cmp_le0000_cy<4> (result_0_cmp_le0000)
     LUT4:I1->O            1   0.704   0.420  result_0_and000016 (result_0_OBUF)
     OBUF:I->O                 3.272          result_0_OBUF (result<0>)
    ----------------------------------------
    Total                     21.864ns (13.419ns logic, 8.445ns route)
                                       (61.4% logic, 38.6% route)

=========================================================================


Total REAL time to Xst completion: 3.00 secs
Total CPU time to Xst completion: 3.54 secs
 
--> 

Total memory usage is 4513512 kilobytes

Number of errors   :    0 (   0 filtered)
Number of warnings :    0 (   0 filtered)
Number of infos    :    0 (   0 filtered)

