--------------------------------------------------------------------------------
Release 14.7 Trace  (nt64)
Copyright (c) 1995-2013 Xilinx, Inc.  All rights reserved.

C:\Xilinx\14.7\ISE_DS\ISE\bin\nt64\unwrapped\trce.exe -intstyle ise -v 3 -s 4
-n 3 -fastpaths -xml first_ise_example.twx first_ise_example.ncd -o
first_ise_example.twr first_ise_example.pcf -ucf first_ise_example.ucf

Design file:              first_ise_example.ncd
Physical constraint file: first_ise_example.pcf
Device,package,speed:     xc3s500e,fg320,-4 (PRODUCTION 1.27 2013-10-13)
Report level:             verbose report

Environment Variable      Effect 
--------------------      ------ 
NONE                      No environment variables were set
--------------------------------------------------------------------------------

INFO:Timing:2698 - No timing constraints found, doing default enumeration.
INFO:Timing:3412 - To improve timing, see the Timing Closure User Guide (UG612).
INFO:Timing:2752 - To get complete path coverage, use the unconstrained paths 
   option. All paths that are not constrained will be reported in the 
   unconstrained paths section(s) of the report.
INFO:Timing:3339 - The clock-to-out numbers in this timing report are based on 
   a 50 Ohm transmission line loading model.  For the details of this model, 
   and for more information on accounting for different loading conditions, 
   please see the device datasheet.
INFO:Timing:3390 - This architecture does not support a default System Jitter 
   value, please add SYSTEM_JITTER constraint to the UCF to modify the Clock 
   Uncertainty calculation.
INFO:Timing:3389 - This architecture does not support 'Discrete Jitter' and 
   'Phase Error' calculations, these terms will be zero in the Clock 
   Uncertainty calculation.  Please make appropriate modification to 
   SYSTEM_JITTER to account for the unsupported Discrete Jitter and Phase 
   Error.



Data Sheet report:
-----------------
All values displayed in nanoseconds (ns)

Setup/Hold to clock clk
------------+------------+------------+------------------+--------+
            |Max Setup to|Max Hold to |                  | Clock  |
Source      | clk (edge) | clk (edge) |Internal Clock(s) | Phase  |
------------+------------+------------+------------------+--------+
rst         |    3.853(R)|    0.074(R)|clk_BUFGP         |   0.000|
------------+------------+------------+------------------+--------+

Clock clk to Pad
---------------------+------------+------------------+--------+
                     | clk (edge) |                  | Clock  |
Destination          |   to PAD   |Internal Clock(s) | Phase  |
---------------------+------------+------------------+--------+
led_shift_register<0>|    7.901(R)|clk_BUFGP         |   0.000|
led_shift_register<1>|    7.601(R)|clk_BUFGP         |   0.000|
led_shift_register<2>|    7.564(R)|clk_BUFGP         |   0.000|
led_shift_register<3>|    7.544(R)|clk_BUFGP         |   0.000|
led_shift_register<4>|    7.578(R)|clk_BUFGP         |   0.000|
led_shift_register<5>|    7.558(R)|clk_BUFGP         |   0.000|
led_shift_register<6>|    8.573(R)|clk_BUFGP         |   0.000|
led_shift_register<7>|    8.190(R)|clk_BUFGP         |   0.000|
---------------------+------------+------------------+--------+

Clock to Setup on destination clock clk
---------------+---------+---------+---------+---------+
               | Src:Rise| Src:Fall| Src:Rise| Src:Fall|
Source Clock   |Dest:Rise|Dest:Rise|Dest:Fall|Dest:Fall|
---------------+---------+---------+---------+---------+
clk            |    6.147|         |         |         |
---------------+---------+---------+---------+---------+


Analysis completed Tue Aug 22 16:25:35 2023 
--------------------------------------------------------------------------------

Trace Settings:
-------------------------
Trace Settings 

Peak Memory Usage: 4509 MB



