Release 14.7 - xst P.20131013 (nt64)
Copyright (c) 1995-2013 Xilinx, Inc.  All rights reserved.
--> Parameter TMPDIR set to xst/projnav.tmp


Total REAL time to Xst completion: 0.00 secs
Total CPU time to Xst completion: 0.08 secs
 
--> Parameter xsthdpdir set to xst


Total REAL time to Xst completion: 0.00 secs
Total CPU time to Xst completion: 0.09 secs
 
--> Reading design: first_ise_example.prj

TABLE OF CONTENTS
  1) Synthesis Options Summary
  2) HDL Compilation
  3) Design Hierarchy Analysis
  4) HDL Analysis
  5) HDL Synthesis
     5.1) HDL Synthesis Report
  6) Advanced HDL Synthesis
     6.1) Advanced HDL Synthesis Report
  7) Low Level Synthesis
  8) Partition Report
  9) Final Report
	9.1) Device utilization summary
	9.2) Partition Resource Summary
	9.3) TIMING REPORT


=========================================================================
*                      Synthesis Options Summary                        *
=========================================================================
---- Source Parameters
Input File Name                    : "first_ise_example.prj"
Input Format                       : mixed
Ignore Synthesis Constraint File   : NO

---- Target Parameters
Output File Name                   : "first_ise_example"
Output Format                      : NGC
Target Device                      : xc3s500e-4-fg320

---- Source Options
Top Module Name                    : first_ise_example
Automatic FSM Extraction           : YES
FSM Encoding Algorithm             : Auto
Safe Implementation                : No
FSM Style                          : LUT
RAM Extraction                     : Yes
RAM Style                          : Auto
ROM Extraction                     : Yes
Mux Style                          : Auto
Decoder Extraction                 : YES
Priority Encoder Extraction        : Yes
Shift Register Extraction          : YES
Logical Shifter Extraction         : YES
XOR Collapsing                     : YES
ROM Style                          : Auto
Mux Extraction                     : Yes
Resource Sharing                   : YES
Asynchronous To Synchronous        : NO
Multiplier Style                   : Auto
Automatic Register Balancing       : No

---- Target Options
Add IO Buffers                     : YES
Global Maximum Fanout              : 100000
Add Generic Clock Buffer(BUFG)     : 24
Register Duplication               : YES
Slice Packing                      : YES
Optimize Instantiated Primitives   : NO
Use Clock Enable                   : Yes
Use Synchronous Set                : Yes
Use Synchronous Reset              : Yes
Pack IO Registers into IOBs        : Auto
Equivalent register Removal        : YES

---- General Options
Optimization Goal                  : Speed
Optimization Effort                : 1
Keep Hierarchy                     : No
Netlist Hierarchy                  : As_Optimized
RTL Output                         : Yes
Global Optimization                : AllClockNets
Read Cores                         : YES
Write Timing Constraints           : NO
Cross Clock Analysis               : NO
Hierarchy Separator                : /
Bus Delimiter                      : <>
Case Specifier                     : Maintain
Slice Utilization Ratio            : 100
BRAM Utilization Ratio             : 100
Verilog 2001                       : YES
Auto BRAM Packing                  : NO
Slice Utilization Ratio Delta      : 5

=========================================================================


=========================================================================
*                          HDL Compilation                              *
=========================================================================
Compiling vhdl file "C:/MarianoF/vhdl_projects/ISE/first_ise_example/first_ise_example.vhd" in Library work.
Architecture behavioral of Entity first_ise_example is up to date.

=========================================================================
*                     Design Hierarchy Analysis                         *
=========================================================================
Analyzing hierarchy for entity <first_ise_example> in library <work> (architecture <behavioral>).


=========================================================================
*                            HDL Analysis                               *
=========================================================================
Analyzing Entity <first_ise_example> in library <work> (Architecture <behavioral>).
Entity <first_ise_example> analyzed. Unit <first_ise_example> generated.


=========================================================================
*                           HDL Synthesis                               *
=========================================================================

Performing bidirectional port resolution...

Synthesizing Unit <first_ise_example>.
    Related source file is "C:/MarianoF/vhdl_projects/ISE/first_ise_example/first_ise_example.vhd".
    Found 8-bit register for signal <led_shift_register>.
    Found 32-bit up counter for signal <a_out>.
    Found 32-bit comparator greatequal for signal <a_out$cmp_ge0000> created at line 69.
    Found 8-bit register for signal <aux_led>.
    Found 1-bit register for signal <segundo>.
    Found 32-bit comparator less for signal <segundo$cmp_lt0000> created at line 69.
    Summary:
	inferred   1 Counter(s).
	inferred  17 D-type flip-flop(s).
	inferred   2 Comparator(s).
Unit <first_ise_example> synthesized.


=========================================================================
HDL Synthesis Report

Macro Statistics
# Counters                                             : 1
 32-bit up counter                                     : 1
# Registers                                            : 10
 1-bit register                                        : 9
 8-bit register                                        : 1
# Comparators                                          : 2
 32-bit comparator greatequal                          : 1
 32-bit comparator less                                : 1

=========================================================================

=========================================================================
*                       Advanced HDL Synthesis                          *
=========================================================================


=========================================================================
Advanced HDL Synthesis Report

Macro Statistics
# Counters                                             : 1
 32-bit up counter                                     : 1
# Registers                                            : 17
 Flip-Flops                                            : 17
# Comparators                                          : 2
 32-bit comparator greatequal                          : 1
 32-bit comparator less                                : 1

=========================================================================

=========================================================================
*                         Low Level Synthesis                           *
=========================================================================

Optimizing unit <first_ise_example> ...

Mapping all equations...
Building and optimizing final netlist ...
Found area constraint ratio of 100 (+ 5) on block first_ise_example, actual ratio is 0.

Final Macro Processing ...

=========================================================================
Final Register Report

Macro Statistics
# Registers                                            : 49
 Flip-Flops                                            : 49

=========================================================================

=========================================================================
*                           Partition Report                            *
=========================================================================

Partition Implementation Status
-------------------------------

  No Partitions were found in this design.

-------------------------------

=========================================================================
*                            Final Report                               *
=========================================================================
Final Results
RTL Top Level Output File Name     : first_ise_example.ngr
Top Level Output File Name         : first_ise_example
Output Format                      : NGC
Optimization Goal                  : Speed
Keep Hierarchy                     : No

Design Statistics
# IOs                              : 10

Cell Usage :
# BELS                             : 125
#      GND                         : 1
#      INV                         : 6
#      LUT1                        : 35
#      LUT2                        : 2
#      LUT4                        : 4
#      MUXCY                       : 44
#      VCC                         : 1
#      XORCY                       : 32
# FlipFlops/Latches                : 49
#      FDR                         : 40
#      FDRE                        : 7
#      FDS                         : 1
#      FDSE                        : 1
# Clock Buffers                    : 1
#      BUFGP                       : 1
# IO Buffers                       : 9
#      IBUF                        : 1
#      OBUF                        : 8
=========================================================================

Device utilization summary:
---------------------------

Selected Device : 3s500efg320-4 

 Number of Slices:                       33  out of   4656     0%  
 Number of Slice Flip Flops:             49  out of   9312     0%  
 Number of 4 input LUTs:                 47  out of   9312     0%  
 Number of IOs:                          10
 Number of bonded IOBs:                  10  out of    232     4%  
 Number of GCLKs:                         1  out of     24     4%  

---------------------------
Partition Resource Summary:
---------------------------

  No Partitions were found in this design.

---------------------------


=========================================================================
TIMING REPORT

NOTE: THESE TIMING NUMBERS ARE ONLY A SYNTHESIS ESTIMATE.
      FOR ACCURATE TIMING INFORMATION PLEASE REFER TO THE TRACE REPORT
      GENERATED AFTER PLACE-and-ROUTE.

Clock Information:
------------------
-----------------------------------+------------------------+-------+
Clock Signal                       | Clock buffer(FF name)  | Load  |
-----------------------------------+------------------------+-------+
clk                                | BUFGP                  | 49    |
-----------------------------------+------------------------+-------+

Asynchronous Control Signals Information:
----------------------------------------
No asynchronous control signals found in this design

Timing Summary:
---------------
Speed Grade: -4

   Minimum period: 6.892ns (Maximum Frequency: 145.091MHz)
   Minimum input arrival time before clock: 5.338ns
   Maximum output required time after clock: 4.283ns
   Maximum combinational path delay: No path found

Timing Detail:
--------------
All values displayed in nanoseconds (ns)

=========================================================================
Timing constraint: Default period analysis for Clock 'clk'
  Clock period: 6.892ns (frequency: 145.091MHz)
  Total number of paths / destination ports: 1377 / 89
-------------------------------------------------------------------------
Delay:               6.892ns (Levels of Logic = 15)
  Source:            a_out_7 (FF)
  Destination:       a_out_0 (FF)
  Source Clock:      clk rising
  Destination Clock: clk rising

  Data Path: a_out_7 to a_out_0
                                Gate     Net
    Cell:in->out      fanout   Delay   Delay  Logical Name (Net Name)
    ----------------------------------------  ------------
     FDR:C->Q              2   0.591   0.622  a_out_7 (a_out_7)
     LUT1:I0->O            1   0.704   0.000  Mcompar_segundo_cmp_lt0000_cy<0>_rt (Mcompar_segundo_cmp_lt0000_cy<0>_rt)
     MUXCY:S->O            1   0.464   0.000  Mcompar_segundo_cmp_lt0000_cy<0> (Mcompar_segundo_cmp_lt0000_cy<0>)
     MUXCY:CI->O           1   0.059   0.000  Mcompar_segundo_cmp_lt0000_cy<1> (Mcompar_segundo_cmp_lt0000_cy<1>)
     MUXCY:CI->O           1   0.059   0.000  Mcompar_segundo_cmp_lt0000_cy<2> (Mcompar_segundo_cmp_lt0000_cy<2>)
     MUXCY:CI->O           1   0.059   0.000  Mcompar_segundo_cmp_lt0000_cy<3> (Mcompar_segundo_cmp_lt0000_cy<3>)
     MUXCY:CI->O           1   0.059   0.000  Mcompar_segundo_cmp_lt0000_cy<4> (Mcompar_segundo_cmp_lt0000_cy<4>)
     MUXCY:CI->O           1   0.059   0.000  Mcompar_segundo_cmp_lt0000_cy<5> (Mcompar_segundo_cmp_lt0000_cy<5>)
     MUXCY:CI->O           1   0.059   0.000  Mcompar_segundo_cmp_lt0000_cy<6> (Mcompar_segundo_cmp_lt0000_cy<6>)
     MUXCY:CI->O           1   0.059   0.000  Mcompar_segundo_cmp_lt0000_cy<7> (Mcompar_segundo_cmp_lt0000_cy<7>)
     MUXCY:CI->O           1   0.059   0.000  Mcompar_segundo_cmp_lt0000_cy<8> (Mcompar_segundo_cmp_lt0000_cy<8>)
     MUXCY:CI->O           1   0.059   0.000  Mcompar_segundo_cmp_lt0000_cy<9> (Mcompar_segundo_cmp_lt0000_cy<9>)
     MUXCY:CI->O           1   0.059   0.000  Mcompar_segundo_cmp_lt0000_cy<10> (Mcompar_segundo_cmp_lt0000_cy<10>)
     MUXCY:CI->O           1   0.059   0.000  Mcompar_segundo_cmp_lt0000_cy<11> (Mcompar_segundo_cmp_lt0000_cy<11>)
     MUXCY:CI->O           2   0.459   0.526  Mcompar_segundo_cmp_lt0000_cy<12> (Mcompar_segundo_cmp_lt0000_cy<12>)
     LUT2:I1->O           32   0.704   1.262  a_out_or00001 (a_out_or0000)
     FDR:R                     0.911          a_out_0
    ----------------------------------------
    Total                      6.892ns (4.482ns logic, 2.410ns route)
                                       (65.0% logic, 35.0% route)

=========================================================================
Timing constraint: Default OFFSET IN BEFORE for Clock 'clk'
  Total number of paths / destination ports: 49 / 49
-------------------------------------------------------------------------
Offset:              5.338ns (Levels of Logic = 2)
  Source:            rst (PAD)
  Destination:       a_out_0 (FF)
  Destination Clock: clk rising

  Data Path: rst to a_out_0
                                Gate     Net
    Cell:in->out      fanout   Delay   Delay  Logical Name (Net Name)
    ----------------------------------------  ------------
     IBUF:I->O            18   1.218   1.243  rst_IBUF (rst_IBUF)
     LUT2:I0->O           32   0.704   1.262  a_out_or00001 (a_out_or0000)
     FDR:R                     0.911          a_out_0
    ----------------------------------------
    Total                      5.338ns (2.833ns logic, 2.505ns route)
                                       (53.1% logic, 46.9% route)

=========================================================================
Timing constraint: Default OFFSET OUT AFTER for Clock 'clk'
  Total number of paths / destination ports: 8 / 8
-------------------------------------------------------------------------
Offset:              4.283ns (Levels of Logic = 1)
  Source:            led_shift_register_7 (FF)
  Destination:       led_shift_register<7> (PAD)
  Source Clock:      clk rising

  Data Path: led_shift_register_7 to led_shift_register<7>
                                Gate     Net
    Cell:in->out      fanout   Delay   Delay  Logical Name (Net Name)
    ----------------------------------------  ------------
     FDR:C->Q              1   0.591   0.420  led_shift_register_7 (led_shift_register_7)
     OBUF:I->O                 3.272          led_shift_register_7_OBUF (led_shift_register<7>)
    ----------------------------------------
    Total                      4.283ns (3.863ns logic, 0.420ns route)
                                       (90.2% logic, 9.8% route)

=========================================================================


Total REAL time to Xst completion: 4.00 secs
Total CPU time to Xst completion: 3.51 secs
 
--> 

Total memory usage is 4497324 kilobytes

Number of errors   :    0 (   0 filtered)
Number of warnings :    0 (   0 filtered)
Number of infos    :    0 (   0 filtered)

