Target Part: A3P1000_FBGA144_STD
Report for cell four_bit_adder.behavioral
  Core Cell usage:
              cell count     area count*area
               GND     1      0.0        0.0
              MAJ3     3      1.0        3.0
             NOR2B     1      1.0        1.0
               VCC     1      0.0        0.0
              XOR2     1      1.0        1.0
              XOR3     3      1.0        3.0


                   -----          ----------
             TOTAL    10                 8.0


  IO Cell usage:
              cell count
             INBUF     8
            OUTBUF     5
                   -----
             TOTAL    13


Core Cells         : 8 of 24576 (0%)
IO Cells           : 13

  RAM/ROM Usage Summary
Block Rams : 0 of 32 (0%)

